<?xml version="1.0" encoding="UTF-8"?>
<!-- Generated by org.testng.reporters.JUnitXMLReporter -->
<testsuite ignored="0" hostname="Shubham" failures="0" tests="5" name="Default test" time="11.516" errors="0" timestamp="2024-10-16T09:43:07 IST">
  <testcase classname="TestCases._1_LoginPageTestCase" name="verifyURLTest" time="0.619"/>
  <testcase classname="TestCases._1_LoginPageTestCase" name="verifyURLTest" time="0.075"/>
  <testcase classname="TestCases._1_LoginPageTestCase" name="verifyURLTest" time="0.077"/>
  <testcase classname="TestCases._1_LoginPageTestCase" name="verfiyTitleTest" time="0.052"/>
  <testcase classname="TestCases._1_LoginPageTestCase" name="verifyUserLoginTest" time="0.387"/>
</testsuite> <!-- Default test -->
